<?xml version="1.0" encoding="UTF-8"?>
<!-- Generated by org.testng.reporters.JUnitReportReporter -->
<testsuite hostname="192.168.1.12" failures="0" tests="1" name="testCases.TC001_AccountRegistrationTest" time="3.808" errors="0" timestamp="2025-02-08T20:55:58 IST" skipped="0">
  <testcase classname="testCases.TC001_AccountRegistrationTest" name="verify_account_registration" time="3.808"/>
</testsuite> <!-- testCases.TC001_AccountRegistrationTest -->
